open source     > level 1, order 1, name 'cont-yes.mkiv'
system          > 
system          > ConTeXt  ver: 2018.05.19 21:46 MKIV beta  fmt: 2018.5.19  int: english/english
system          > 
system          > 'cont-new.mkiv' loaded
open source     > level 2, order 2, name 'cont-new.mkiv'
system          > beware: some patches loaded from cont-new.mkiv
close source    > level 2, order 2, name 'cont-new.mkiv'
system          > 'cont-loc.mkiv' loaded
open source     > level 2, order 3, name 'c:/data/develop/context/sources/cont-loc.mkiv'
system          > beware: enabling timing (for testing)
system          > beware: enabling subpages
system          > beware: wiping package.path
system          > beware: testing mixed columns replacement
system          > beware: testing new columnset code
open source     > level 3, order 4, name 'page-cst.mkiv'
loading         > ConTeXt Page Macros / Page Grids
resolvers       > lua > loading file 'page-cst.lua' succeeded
close source    > level 3, order 4, name 'page-cst.mkiv'
close source    > level 2, order 4, name 'c:/data/develop/context/sources/cont-loc.mkiv'
system          > 'cont-exp.mkiv' loaded
interface       > macros > processed mkvi file 'c:/data/develop/context/sources/cont-exp.mkiv', delta 40
interface       > macros > processed mkvi file 'c:/data/develop/context/sources/cont-exp.mkiv', delta 0
open source     > level 2, order 5, name 'c:/data/develop/context/sources/cont-exp.mkiv'
system          > beware: math flattening patches loaded from cont-exp.mkiv
system          > beware: toks appending patches loaded from cont-exp.mkiv
system          > beware: direction patches loaded from cont-exp.mkiv
close source    > level 2, order 5, name 'c:/data/develop/context/sources/cont-exp.mkiv'
system          > files > jobname 's-inf-01', input 'c:/data/develop/tex-context/tex/texmf-context/tex/context/modules/mkiv/s-inf-01.mkvi', result 'status-files.pdf'
fonts           > latin modern fonts are not preloaded
languages       > language 'en' is active
interface       > macros > processed mkvi file 'c:/data/develop/tex-context/tex/texmf-context/tex/context/modules/mkiv/s-inf-01.mkvi', delta 138
interface       > macros > processed mkvi file 'c:/data/develop/tex-context/tex/texmf-context/tex/context/modules/mkiv/s-inf-01.mkvi', delta 0
open source     > level 2, order 6, name 'c:/data/develop/tex-context/tex/texmf-context/tex/context/modules/mkiv/s-inf-01.mkvi'
fonts           > preloading latin modern fonts (second stage)
fonts           > 'fallback modern-designsize rm 12pt' is loaded
backend         > xmp > using file 'lpdf-pdx.xml'
! error:  (nodes): attempt to free an impossible node 56385222