/\\\^ A/ => [Acircumflex]
/\\\^A/ => [Acircumflex]
/\\\^\{A\}/ => [Acircumflex]
/\\\^ a/ => [acircumflex]
/\\\^a/ => [acircumflex]
/\\\^\{a\}/ => [acircumflex]
/\\\^ C/ => [Ccircumflex]
/\\\^C/ => [Ccircumflex]
/\\\^\{C\}/ => [Ccircumflex]
/\\\^ c/ => [ccircumflex]
/\\\^c/ => [ccircumflex]
/\\\^\{c\}/ => [ccircumflex]
/\\\^ E/ => [Ecircumflex]
/\\\^E/ => [Ecircumflex]
/\\\^\{E\}/ => [Ecircumflex]
/\\\^ e/ => [ecircumflex]
/\\\^e/ => [ecircumflex]
/\\\^\{e\}/ => [ecircumflex]
/\\\^ G/ => [Gcircumflex]
/\\\^G/ => [Gcircumflex]
/\\\^\{G\}/ => [Gcircumflex]
/\\\^ g/ => [gcircumflex]
/\\\^g/ => [gcircumflex]
/\\\^\{g\}/ => [gcircumflex]
/\\\^ H/ => [Hcircumflex]
/\\\^H/ => [Hcircumflex]
/\\\^\{H\}/ => [Hcircumflex]
/\\\^ h/ => [hcircumflex]
/\\\^h/ => [hcircumflex]
/\\\^\{h\}/ => [hcircumflex]
/\\\^ I/ => [Icircumflex]
/\\\^I/ => [Icircumflex]
/\\\^\{I\}/ => [Icircumflex]
/\\\^ i/ => [icircumflex]
/\\\^i/ => [icircumflex]
/\\\^\{i\}/ => [icircumflex]
/\\\^ \i/ => [icircumflex]
/\\\^\i/ => [icircumflex]
/\\\^\{\i\}/ => [icircumflex]
/\\\^ J/ => [Jcircumflex]
/\\\^J/ => [Jcircumflex]
/\\\^\{J\}/ => [Jcircumflex]
/\\\^ j/ => [jcircumflex]
/\\\^j/ => [jcircumflex]
/\\\^\{j\}/ => [jcircumflex]
/\\\^ \j/ => [jcircumflex]
/\\\^\j/ => [jcircumflex]
/\\\^\{\j\}/ => [jcircumflex]
/\\\^ O/ => [Ocircumflex]
/\\\^O/ => [Ocircumflex]
/\\\^\{O\}/ => [Ocircumflex]
/\\\^ o/ => [ocircumflex]
/\\\^o/ => [ocircumflex]
/\\\^\{o\}/ => [ocircumflex]
/\\\^ S/ => [Scircumflex]
/\\\^S/ => [Scircumflex]
/\\\^\{S\}/ => [Scircumflex]
/\\\^ s/ => [scircumflex]
/\\\^s/ => [scircumflex]
/\\\^\{s\}/ => [scircumflex]
/\\\^ U/ => [Ucircumflex]
/\\\^U/ => [Ucircumflex]
/\\\^\{U\}/ => [Ucircumflex]
/\\\^ u/ => [ucircumflex]
/\\\^u/ => [ucircumflex]
/\\\^\{u\}/ => [ucircumflex]
/\\\^ W/ => [Wcircumflex]
/\\\^W/ => [Wcircumflex]
/\\\^\{W\}/ => [Wcircumflex]
/\\\^ w/ => [wcircumflex]
/\\\^w/ => [wcircumflex]
/\\\^\{w\}/ => [wcircumflex]
/\\\^ Y/ => [Ycircumflex]
/\\\^Y/ => [Ycircumflex]
/\\\^\{Y\}/ => [Ycircumflex]
/\\\^ y/ => [ycircumflex]
/\\\^y/ => [ycircumflex]
/\\\^\{y\}/ => [ycircumflex]
/\\\` A/ => [Agrave]
/\\\`A/ => [Agrave]
/\\\`\{A\}/ => [Agrave]
/\\\` a/ => [agrave]
/\\\`a/ => [agrave]
/\\\`\{a\}/ => [agrave]
/\\\` E/ => [Egrave]
/\\\`E/ => [Egrave]
/\\\`\{E\}/ => [Egrave]
/\\\` e/ => [egrave]
/\\\`e/ => [egrave]
/\\\`\{e\}/ => [egrave]
/\\\` I/ => [Igrave]
/\\\`I/ => [Igrave]
/\\\`\{I\}/ => [Igrave]
/\\\` i/ => [igrave]
/\\\`i/ => [igrave]
/\\\`\{i\}/ => [igrave]
/\\\` \i/ => [igrave]
/\\\`\i/ => [igrave]
/\\\`\{\i\}/ => [igrave]
/\\\` O/ => [Ograve]
/\\\`O/ => [Ograve]
/\\\`\{O\}/ => [Ograve]
/\\\` o/ => [ograve]
/\\\`o/ => [ograve]
/\\\`\{o\}/ => [ograve]
/\\\` U/ => [Ugrave]
/\\\`U/ => [Ugrave]
/\\\`\{U\}/ => [Ugrave]
/\\\` u/ => [ugrave]
/\\\`u/ => [ugrave]
/\\\`\{u\}/ => [ugrave]
/\\\` Y/ => [Ygrave]
/\\\`Y/ => [Ygrave]
/\\\`\{Y\}/ => [Ygrave]
/\\\` y/ => [ygrave]
/\\\`y/ => [ygrave]
/\\\`\{y\}/ => [ygrave]
/\\\~ A/ => [Atilde]
/\\\~A/ => [Atilde]
/\\\~\{A\}/ => [Atilde]
/\\\~ a/ => [atilde]
/\\\~a/ => [atilde]
/\\\~\{a\}/ => [atilde]
/\\\~ I/ => [Itilde]
/\\\~I/ => [Itilde]
/\\\~\{I\}/ => [Itilde]
/\\\~ i/ => [itilde]
/\\\~i/ => [itilde]
/\\\~\{i\}/ => [itilde]
/\\\~ \i/ => [itilde]
/\\\~\i/ => [itilde]
/\\\~\{\i\}/ => [itilde]
/\\\~ O/ => [Otilde]
/\\\~O/ => [Otilde]
/\\\~\{O\}/ => [Otilde]
/\\\~ o/ => [otilde]
/\\\~o/ => [otilde]
/\\\~\{o\}/ => [otilde]
/\\\~ U/ => [Utilde]
/\\\~U/ => [Utilde]
/\\\~\{U\}/ => [Utilde]
/\\\~ u/ => [utilde]
/\\\~u/ => [utilde]
/\\\~\{u\}/ => [utilde]
/\\\" A/ => [Adiaeresis]
/\\\"A/ => [Adiaeresis]
/\\\"\{A\}/ => [Adiaeresis]
/\\\" a/ => [adiaeresis]
/\\\"a/ => [adiaeresis]
/\\\"\{a\}/ => [adiaeresis]
/\\\" E/ => [Ediaeresis]
/\\\"E/ => [Ediaeresis]
/\\\"\{E\}/ => [Ediaeresis]
/\\\" e/ => [ediaeresis]
/\\\"e/ => [ediaeresis]
/\\\"\{e\}/ => [ediaeresis]
/\\\" I/ => [Idiaeresis]
/\\\"I/ => [Idiaeresis]
/\\\"\{I\}/ => [Idiaeresis]
/\\\" i/ => [idiaeresis]
/\\\"i/ => [idiaeresis]
/\\\"\{i\}/ => [idiaeresis]
/\\\" \i/ => [idiaeresis]
/\\\"\i/ => [idiaeresis]
/\\\"\{\i\}/ => [idiaeresis]
/\\\" O/ => [Odiaeresis]
/\\\"O/ => [Odiaeresis]
/\\\"\{O\}/ => [Odiaeresis]
/\\\" o/ => [odiaeresis]
/\\\"o/ => [odiaeresis]
/\\\"\{o\}/ => [odiaeresis]
/\\\" U/ => [Udiaeresis]
/\\\"U/ => [Udiaeresis]
/\\\"\{U\}/ => [Udiaeresis]
/\\\" u/ => [udiaeresis]
/\\\"u/ => [udiaeresis]
/\\\"\{u\}/ => [udiaeresis]
/\\\" Y/ => [Ydiaeresis]
/\\\"Y/ => [Ydiaeresis]
/\\\"\{Y\}/ => [Ydiaeresis]
/\\\" y/ => [ydiaeresis]
/\\\"y/ => [ydiaeresis]
/\\\"\{y\}/ => [ydiaeresis]
/\\\' A/ => [Aacute]
/\\\'A/ => [Aacute]
/\\\'\{A\}/ => [Aacute]
/\\\' a/ => [aacute]
/\\\'a/ => [aacute]
/\\\'\{a\}/ => [aacute]
/\\\' C/ => [Cacute]
/\\\'C/ => [Cacute]
/\\\'\{C\}/ => [Cacute]
/\\\' c/ => [cacute]
/\\\'c/ => [cacute]
/\\\'\{c\}/ => [cacute]
/\\\' E/ => [Eacute]
/\\\'E/ => [Eacute]
/\\\'\{E\}/ => [Eacute]
/\\\' e/ => [eacute]
/\\\'e/ => [eacute]
/\\\'\{e\}/ => [eacute]
/\\\' I/ => [Iacute]
/\\\'I/ => [Iacute]
/\\\'\{I\}/ => [Iacute]
/\\\' i/ => [iacute]
/\\\'i/ => [iacute]
/\\\'\{i\}/ => [iacute]
/\\\' \i/ => [iacute]
/\\\'\i/ => [iacute]
/\\\'\{\i\}/ => [iacute]
/\\\' L/ => [Lacute]
/\\\'L/ => [Lacute]
/\\\'\{L\}/ => [Lacute]
/\\\' l/ => [lacute]
/\\\'l/ => [lacute]
/\\\'\{l\}/ => [lacute]
/\\\' N/ => [Nacute]
/\\\'N/ => [Nacute]
/\\\'\{N\}/ => [Nacute]
/\\\' n/ => [nacute]
/\\\'n/ => [nacute]
/\\\'\{n\}/ => [nacute]
/\\\' O/ => [Oacute]
/\\\'O/ => [Oacute]
/\\\'\{O\}/ => [Oacute]
/\\\' o/ => [oacute]
/\\\'o/ => [oacute]
/\\\'\{o\}/ => [oacute]
/\\\' R/ => [Racute]
/\\\'R/ => [Racute]
/\\\'\{R\}/ => [Racute]
/\\\' r/ => [racute]
/\\\'r/ => [racute]
/\\\'\{r\}/ => [racute]
/\\\' S/ => [Sacute]
/\\\'S/ => [Sacute]
/\\\'\{S\}/ => [Sacute]
/\\\' s/ => [sacute]
/\\\'s/ => [sacute]
/\\\'\{s\}/ => [sacute]
/\\\' U/ => [Uacute]
/\\\'U/ => [Uacute]
/\\\'\{U\}/ => [Uacute]
/\\\' u/ => [uacute]
/\\\'u/ => [uacute]
/\\\'\{u\}/ => [uacute]
/\\\' Y/ => [Yacute]
/\\\'Y/ => [Yacute]
/\\\'\{Y\}/ => [Yacute]
/\\\' y/ => [yacute]
/\\\'y/ => [yacute]
/\\\'\{y\}/ => [yacute]
/\\\' Z/ => [Zacute]
/\\\'Z/ => [Zacute]
/\\\'\{Z\}/ => [Zacute]
/\\\' z/ => [zacute]
/\\\'z/ => [zacute]
/\\\'\{z\}/ => [zacute]
/\\\. C/ => [Cdotaccent]
/\\\.C/ => [Cdotaccent]
/\\\.\{C\}/ => [Cdotaccent]
/\\\. c/ => [cdotaccent]
/\\\.c/ => [cdotaccent]
/\\\.\{c\}/ => [cdotaccent]
/\\\. E/ => [Edotaccent]
/\\\.E/ => [Edotaccent]
/\\\.\{E\}/ => [Edotaccent]
/\\\. e/ => [edotaccent]
/\\\.e/ => [edotaccent]
/\\\.\{e\}/ => [edotaccent]
/\\\. G/ => [Gdotaccent]
/\\\.G/ => [Gdotaccent]
/\\\.\{G\}/ => [Gdotaccent]
/\\\. g/ => [gdotaccent]
/\\\.g/ => [gdotaccent]
/\\\.\{g\}/ => [gdotaccent]
/\\\. I/ => [Idotaccent]
/\\\.I/ => [Idotaccent]
/\\\.\{I\}/ => [Idotaccent]
/\\\. i/ => [idotaccent]
/\\\.i/ => [idotaccent]
/\\\.\{i\}/ => [idotaccent]
/\\\. \i/ => [idotaccent]
/\\\.\i/ => [idotaccent]
/\\\.\{\i\}/ => [idotaccent]
/\\\. Z/ => [Zdotaccent]
/\\\.Z/ => [Zdotaccent]
/\\\.\{Z\}/ => [Zdotaccent]
/\\\. z/ => [zdotaccent]
/\\\.z/ => [zdotaccent]
/\\\.\{z\}/ => [zdotaccent]
/\\\= A/ => [Amacron]
/\\\=A/ => [Amacron]
/\\\=\{A\}/ => [Amacron]
/\\\= a/ => [amacron]
/\\\=a/ => [amacron]
/\\\=\{a\}/ => [amacron]
/\\\= E/ => [Emacron]
/\\\=E/ => [Emacron]
/\\\=\{E\}/ => [Emacron]
/\\\= e/ => [emacron]
/\\\=e/ => [emacron]
/\\\=\{e\}/ => [emacron]
/\\\= I/ => [Imacron]
/\\\=I/ => [Imacron]
/\\\=\{I\}/ => [Imacron]
/\\\= i/ => [imacron]
/\\\=i/ => [imacron]
/\\\=\{i\}/ => [imacron]
/\\\= \i/ => [imacron]
/\\\=\i/ => [imacron]
/\\\=\{\i\}/ => [imacron]
/\\\= O/ => [Omacron]
/\\\=O/ => [Omacron]
/\\\=\{O\}/ => [Omacron]
/\\\= o/ => [omacron]
/\\\=o/ => [omacron]
/\\\=\{o\}/ => [omacron]
/\\\= U/ => [Umacron]
/\\\=U/ => [Umacron]
/\\\=\{U\}/ => [Umacron]
/\\\= u/ => [umacron]
/\\\=u/ => [umacron]
/\\\=\{u\}/ => [umacron]
/\\c C/ => [Ccedilla]
/\\c\{C\}/ => [Ccedilla]
/\\c c/ => [ccedilla]
/\\c\{c\}/ => [ccedilla]
/\\c K/ => [Kcedilla]
/\\c\{K\}/ => [Kcedilla]
/\\c k/ => [kcedilla]
/\\c\{k\}/ => [kcedilla]
/\\c L/ => [Lcedilla]
/\\c\{L\}/ => [Lcedilla]
/\\c l/ => [lcedilla]
/\\c\{l\}/ => [lcedilla]
/\\c N/ => [Ncedilla]
/\\c\{N\}/ => [Ncedilla]
/\\c n/ => [ncedilla]
/\\c\{n\}/ => [ncedilla]
/\\c R/ => [Rcedilla]
/\\c\{R\}/ => [Rcedilla]
/\\c r/ => [rcedilla]
/\\c\{r\}/ => [rcedilla]
/\\c S/ => [Scedilla]
/\\c\{S\}/ => [Scedilla]
/\\c s/ => [scedilla]
/\\c\{s\}/ => [scedilla]
/\\c T/ => [Tcedilla]
/\\c\{T\}/ => [Tcedilla]
/\\c t/ => [tcedilla]
/\\c\{t\}/ => [tcedilla]
/\\H O/ => [Ohungarumlaut]
/\\H\{O\}/ => [Ohungarumlaut]
/\\H o/ => [ohungarumlaut]
/\\H\{o\}/ => [ohungarumlaut]
/\\H u/ => [uhungarumlaut]
/\\H\{u\}/ => [uhungarumlaut]
/\\H U/ => [Uhungarumlaut]
/\\H\{U\}/ => [Uhungarumlaut]
/\\k A/ => [Aogonek]
/\\k\{A\}/ => [Aogonek]
/\\k a/ => [aogonek]
/\\k\{a\}/ => [aogonek]
/\\k E/ => [Eogonek]
/\\k\{E\}/ => [Eogonek]
/\\k e/ => [eogonek]
/\\k\{e\}/ => [eogonek]
/\\k I/ => [Iogonek]
/\\k\{I\}/ => [Iogonek]
/\\k i/ => [iogonek]
/\\k\{i\}/ => [iogonek]
/\\k U/ => [Uogonek]
/\\k\{U\}/ => [Uogonek]
/\\k u/ => [uogonek]
/\\k\{u\}/ => [uogonek]
/\\r A/ => [Aring]
/\\r\{A\}/ => [Aring]
/\\r a/ => [aring]
/\\r\{a\}/ => [aring]
/\\r U/ => [Uring]
/\\r\{U\}/ => [Uring]
/\\r u/ => [uring]
/\\r\{u\}/ => [uring]
/\\u A/ => [Abreve]
/\\u\{A\}/ => [Abreve]
/\\u a/ => [abreve]
/\\u\{a\}/ => [abreve]
/\\u E/ => [Ebreve]
/\\u\{E\}/ => [Ebreve]
/\\u e/ => [ebreve]
/\\u\{e\}/ => [ebreve]
/\\u G/ => [Gbreve]
/\\u\{G\}/ => [Gbreve]
/\\u g/ => [gbreve]
/\\u\{g\}/ => [gbreve]
/\\u I/ => [Ibreve]
/\\u\{I\}/ => [Ibreve]
/\\u i/ => [ibreve]
/\\u\{i\}/ => [ibreve]
/\\u \i/ => [ibreve]
/\\u\{\i\}/ => [ibreve]
/\\u O/ => [Obreve]
/\\u\{O\}/ => [Obreve]
/\\u o/ => [obreve]
/\\u\{o\}/ => [obreve]
/\\u U/ => [Ubreve]
/\\u\{U\}/ => [Ubreve]
/\\u u/ => [ubreve]
/\\u\{u\}/ => [ubreve]
/\\v C/ => [Ccaron]
/\\v\{C\}/ => [Ccaron]
/\\v c/ => [ccaron]
/\\v\{c\}/ => [ccaron]
/\\v D/ => [Dcaron]
/\\v\{D\}/ => [Dcaron]
/\\v d/ => [dcaron]
/\\v\{d\}/ => [dcaron]
/\\v E/ => [Ecaron]
/\\v\{E\}/ => [Ecaron]
/\\v e/ => [ecaron]
/\\v\{e\}/ => [ecaron]
/\\v L/ => [Lcaron]
/\\v\{L\}/ => [Lcaron]
/\\v l/ => [lcaron]
/\\v\{l\}/ => [lcaron]
/\\v N/ => [Ncaron]
/\\v\{N\}/ => [Ncaron]
/\\v n/ => [ncaron]
/\\v\{n\}/ => [ncaron]
/\\v R/ => [Rcaron]
/\\v\{R\}/ => [Rcaron]
/\\v r/ => [rcaron]
/\\v\{r\}/ => [rcaron]
/\\v S/ => [Scaron]
/\\v\{S\}/ => [Scaron]
/\\v s/ => [scaron]
/\\v\{s\}/ => [scaron]
/\\v T/ => [Tcaron]
/\\v\{T\}/ => [Tcaron]
/\\v t/ => [tcaron]
/\\v\{t\}/ => [tcaron]
/\\v Z/ => [Zcaron]
/\\v\{Z\}/ => [Zcaron]
/\\v z/ => [zcaron]
/\\v\{z\}/ => [zcaron]
/\\\" \i/ => [idiaeresis]
/\\\"\i/ => [idiaeresis]
/\\\"\{\i\}/ => [idiaeresis]
/\^\^00/ => [textgrave]
/\^\^01/ => [textacute]
/\^\^02/ => [textcircumflex]
/\^\^03/ => [texttilde]
/\^\^04/ => [textdiaeresis]
/\^\^05/ => [texthungarumlaut]
/\^\^06/ => [textring]
/\^\^07/ => [textcaron]
/\^\^08/ => [textbreve]
/\^\^09/ => [textmacron]
/\^\^0a/ => [textdotaccent]
/\^\^0b/ => [textcedilla]
/\^\^0c/ => [textogonek]
/\^\^0d/ => [quotesinglebase]
/\^\^0e/ => [guilsingleleft]
/\^\^0f/ => [guilsingleright]
/\^\^10/ => [quotedblleft]
/\^\^11/ => [quotedblright]
/\^\^12/ => [quotedblbase]
/\^\^13/ => [leftguillemot]
/\^\^14/ => [rightguillemot]
/\^\^15/ => [endash]
/\^\^16/ => [emdash]
/\^\^19/ => [dotlessi]
/\^\^1a/ => [dotlessj]
/\^\^22/ => [quotedbl]
/\^\^25/ => [percent]
/\^\^27/ => [quoteright]
/\^\^2d/ => [softhyphen]
/\^\^5c/ => [textbackslash]
/\^\^5e/ => [textasciicircum]
/\^\^5f/ => [textunderscore]
/\^\^60/ => [quoteleft]
/\^\^7b/ => [textbraceleft]
/\^\^7d/ => [textbraceright]
/\^\^7e/ => [textasciitilde]
/\^\^80/ => [Abreve]
/\200/ => [Abreve]
/\^\^81/ => [Aogonek]
/\201/ => [Aogonek]
/\^\^82/ => [Cacute]
/\202/ => [Cacute]
/\^\^83/ => [Ccaron]
/\203/ => [Ccaron]
/\^\^84/ => [Dcaron]
/\204/ => [Dcaron]
/\^\^85/ => [Ecaron]
/\205/ => [Ecaron]
/\^\^86/ => [Eogonek]
/\206/ => [Eogonek]
/\^\^87/ => [Gbreve]
/\207/ => [Gbreve]
/\^\^88/ => [Lacute]
/\210/ => [Lacute]
/\^\^89/ => [Lcaron]
/\211/ => [Lcaron]
/\^\^8a/ => [Lstroke]
/\212/ => [Lstroke]
/\^\^8b/ => [Nacute]
/\213/ => [Nacute]
/\^\^8c/ => [Ncaron]
/\214/ => [Ncaron]
/\^\^8d/ => [Eng]
/\215/ => [Eng]
/\^\^8d/ => [Neng]
/\215/ => [Neng]
/\^\^8e/ => [Ohungarumlaut]
/\216/ => [Ohungarumlaut]
/\^\^8f/ => [Racute]
/\217/ => [Racute]
/\^\^90/ => [Rcaron]
/\220/ => [Rcaron]
/\^\^91/ => [Sacute]
/\221/ => [Sacute]
/\^\^92/ => [Scaron]
/\222/ => [Scaron]
/\^\^93/ => [Scedilla]
/\223/ => [Scedilla]
/\^\^94/ => [Tcaron]
/\224/ => [Tcaron]
/\^\^95/ => [Tcedilla]
/\225/ => [Tcedilla]
/\^\^96/ => [Uhungarumlaut]
/\226/ => [Uhungarumlaut]
/\^\^97/ => [Uring]
/\227/ => [Uring]
/\^\^98/ => [Ydiaeresis]
/\230/ => [Ydiaeresis]
/\^\^99/ => [Zacute]
/\231/ => [Zacute]
/\^\^9a/ => [Zcaron]
/\232/ => [Zcaron]
/\^\^9b/ => [Zdotaccent]
/\233/ => [Zdotaccent]
/\^\^9c/ => [IJligature]
/\234/ => [IJligature]
/\^\^9d/ => [Idotaccent]
/\235/ => [Idotaccent]
/\^\^9e/ => [dstroke]
/\236/ => [dstroke]
/\^\^9f/ => [sectionmark]
/\237/ => [sectionmark]
/\^\^a0/ => [abreve]
/\240/ => [abreve]
/\^\^a1/ => [aogonek]
/\241/ => [aogonek]
/\^\^a2/ => [cacute]
/\242/ => [cacute]
/\^\^a3/ => [ccaron]
/\243/ => [ccaron]
/\^\^a4/ => [dcaron]
/\244/ => [dcaron]
/\^\^a5/ => [ecaron]
/\245/ => [ecaron]
/\^\^a6/ => [eogonek]
/\246/ => [eogonek]
/\^\^a7/ => [gbreve]
/\247/ => [gbreve]
/\^\^a8/ => [lacute]
/\250/ => [lacute]
/\^\^a9/ => [lcaron]
/\251/ => [lcaron]
/\^\^aa/ => [lstroke]
/\252/ => [lstroke]
/\^\^ab/ => [nacute]
/\253/ => [nacute]
/\^\^ac/ => [ncaron]
/\254/ => [ncaron]
/\^\^ad/ => [eng]
/\255/ => [eng]
/\^\^ae/ => [ohungarumlaut]
/\256/ => [ohungarumlaut]
/\^\^af/ => [racute]
/\257/ => [racute]
/\^\^b0/ => [rcaron]
/\260/ => [rcaron]
/\^\^b1/ => [sacute]
/\261/ => [sacute]
/\^\^b2/ => [scaron]
/\262/ => [scaron]
/\^\^b3/ => [scedilla]
/\263/ => [scedilla]
/\^\^b4/ => [tcaron]
/\264/ => [tcaron]
/\^\^b5/ => [tcedilla]
/\265/ => [tcedilla]
/\^\^b6/ => [uhungarumlaut]
/\266/ => [uhungarumlaut]
/\^\^b7/ => [uring]
/\267/ => [uring]
/\^\^b8/ => [ydiaeresis]
/\270/ => [ydiaeresis]
/\^\^b9/ => [zacute]
/\271/ => [zacute]
/\^\^ba/ => [zcaron]
/\272/ => [zcaron]
/\^\^bb/ => [zdotaccent]
/\273/ => [zdotaccent]
/\^\^bc/ => [ijligature]
/\274/ => [ijligature]
/\^\^bd/ => [exclamdown]
/\275/ => [exclamdown]
/\^\^be/ => [questiondown]
/\276/ => [questiondown]
/\^\^bf/ => [textsterling]
/\277/ => [textsterling]
/\^\^c0/ => [Agrave]
/\300/ => [Agrave]
/\^\^c1/ => [Aacute]
/\301/ => [Aacute]
/\^\^c2/ => [Acircumflex]
/\302/ => [Acircumflex]
/\^\^c3/ => [Atilde]
/\303/ => [Atilde]
/\^\^c4/ => [Adiaeresis]
/\304/ => [Adiaeresis]
/\^\^c5/ => [Aring]
/\305/ => [Aring]
/\^\^c6/ => [AEligature]
/\306/ => [AEligature]
/\^\^c7/ => [Ccedilla]
/\307/ => [Ccedilla]
/\^\^c8/ => [Egrave]
/\310/ => [Egrave]
/\^\^c9/ => [Eacute]
/\311/ => [Eacute]
/\^\^ca/ => [Ecircumflex]
/\312/ => [Ecircumflex]
/\^\^cb/ => [Ediaeresis]
/\313/ => [Ediaeresis]
/\^\^cc/ => [Igrave]
/\314/ => [Igrave]
/\^\^cd/ => [Iacute]
/\315/ => [Iacute]
/\^\^ce/ => [Icircumflex]
/\316/ => [Icircumflex]
/\^\^cf/ => [Idiaeresis]
/\317/ => [Idiaeresis]
/\^\^d0/ => [Eth]
/\320/ => [Eth]
/\^\^d0/ => [Dstroke]
/\320/ => [Dstroke]
/\^\^d1/ => [Ntilde]
/\321/ => [Ntilde]
/\^\^d2/ => [Ograve]
/\322/ => [Ograve]
/\^\^d3/ => [Oacute]
/\323/ => [Oacute]
/\^\^d4/ => [Ocircumflex]
/\324/ => [Ocircumflex]
/\^\^d5/ => [Otilde]
/\325/ => [Otilde]
/\^\^d6/ => [Odiaeresis]
/\326/ => [Odiaeresis]
/\^\^d7/ => [OEligature]
/\327/ => [OEligature]
/\^\^d8/ => [Ostroke]
/\330/ => [Ostroke]
/\^\^d9/ => [Ugrave]
/\331/ => [Ugrave]
/\^\^da/ => [Uacute]
/\332/ => [Uacute]
/\^\^db/ => [Ucircumflex]
/\333/ => [Ucircumflex]
/\^\^dc/ => [Udiaeresis]
/\334/ => [Udiaeresis]
/\^\^dd/ => [Yacute]
/\335/ => [Yacute]
/\^\^de/ => [Thorn]
/\336/ => [Thorn]
/\^\^df/ => [Ssharp]
/\337/ => [Ssharp]
/\^\^e0/ => [agrave]
/\340/ => [agrave]
/\^\^e1/ => [aacute]
/\341/ => [aacute]
/\^\^e2/ => [acircumflex]
/\342/ => [acircumflex]
/\^\^e3/ => [atilde]
/\343/ => [atilde]
/\^\^e4/ => [adiaeresis]
/\344/ => [adiaeresis]
/\^\^e5/ => [aring]
/\345/ => [aring]
/\^\^e6/ => [aeligature]
/\346/ => [aeligature]
/\^\^e7/ => [ccedilla]
/\347/ => [ccedilla]
/\^\^e8/ => [egrave]
/\350/ => [egrave]
/\^\^e9/ => [eacute]
/\351/ => [eacute]
/\^\^ea/ => [ecircumflex]
/\352/ => [ecircumflex]
/\^\^eb/ => [ediaeresis]
/\353/ => [ediaeresis]
/\^\^ec/ => [igrave]
/\354/ => [igrave]
/\^\^ed/ => [iacute]
/\355/ => [iacute]
/\^\^ee/ => [icircumflex]
/\356/ => [icircumflex]
/\^\^ef/ => [idiaeresis]
/\357/ => [idiaeresis]
/\^\^f0/ => [eth]
/\360/ => [eth]
/\^\^f1/ => [ntilde]
/\361/ => [ntilde]
/\^\^f2/ => [ograve]
/\362/ => [ograve]
/\^\^f3/ => [oacute]
/\363/ => [oacute]
/\^\^f4/ => [ocircumflex]
/\364/ => [ocircumflex]
/\^\^f5/ => [otilde]
/\365/ => [otilde]
/\^\^f6/ => [odiaeresis]
/\366/ => [odiaeresis]
/\^\^f7/ => [oeligature]
/\367/ => [oeligature]
/\^\^f8/ => [ostroke]
/\370/ => [ostroke]
/\^\^f9/ => [ugrave]
/\371/ => [ugrave]
/\^\^fa/ => [uacute]
/\372/ => [uacute]
/\^\^fb/ => [ucircumflex]
/\373/ => [ucircumflex]
/\^\^fc/ => [udiaeresis]
/\374/ => [udiaeresis]
/\^\^fd/ => [yacute]
/\375/ => [yacute]
/\^\^fe/ => [thorn]
/\376/ => [thorn]
/\^\^ff/ => [ssharp]
/\377/ => [ssharp]
